#
# A fatal error has been detected by the Java Runtime Environment:
#
#  EXCEPTION_ACCESS_VIOLATION (0xc0000005) at pc=0x00007ff84790f011, pid=25828, tid=11536
#
# JRE version: Java(TM) SE Runtime Environment (25.0.1+8) (build 25.0.1+8-LTS-27)
# Java VM: Java HotSpot(TM) 64-Bit Server VM (25.0.1+8-LTS-27, mixed mode, sharing, tiered, compressed oops, compressed class ptrs, g1 gc, windows-amd64)
# Problematic frame:
# C  [awt.dll+0xdf011]
#
# No core dump will be written. Minidumps are not enabled by default on client versions of Windows
#
# If you would like to submit a bug report, please visit:
#   https://bugreport.java.com/bugreport/crash.jsp
# The crash happened outside the Java Virtual Machine in native code.
# See problematic frame for where to report the bug.
#

---------------  S U M M A R Y ------------

Command Line: com.mycompany.finalproyectpoo.FinalProyectPOO

Host: AMD Ryzen 7 7445HS w/ Radeon 740M Graphics     , 12 cores, 15G,  Windows 11 , 64 bit Build 26100 (10.0.26100.6725)
Time: Fri Nov  7 07:34:50 2025 Hora est. Pacífico, Sudamérica elapsed time: 38393.221979 seconds (0d 10h 39m 53s)

---------------  T H R E A D  ---------------

Current thread (0x0000020d60867bd0):  JavaThread "AWT-Windows" daemon [_thread_in_native, id=11536, stack(0x00000014af900000,0x00000014afa00000) (1024K)]

Stack: [0x00000014af900000,0x00000014afa00000],  sp=0x00000014af9fe910,  free space=1018k
Native frames: (J=compiled Java code, j=interpreted, Vv=VM code, C=native code)
C  [awt.dll+0xdf011]  (no source info available)
C  [awt.dll+0x98b2c]  (no source info available)
C  [awt.dll+0x98bd6]  (no source info available)
C  [awt.dll+0x95f59]  (no source info available)
C  [awt.dll+0xe373b]  (no source info available)
C  [awt.dll+0xb2e4d]  (no source info available)
C  [awt.dll+0x99110]  (no source info available)
C  [USER32.dll+0x17846]  (no source info available)
C  [USER32.dll+0x1730c]  (no source info available)
C  [awt.dll+0x16613]  (no source info available)
C  [COMCTL32.dll+0x2cec8]  (no source info available)
C  [COMCTL32.dll+0x2cc9f]  (no source info available)
C  [USER32.dll+0x17846]  (no source info available)
C  [USER32.dll+0x1539d]  (no source info available)
C  [awt.dll+0xd839e]  (no source info available)
C  [awt.dll+0xda2c2]  (no source info available)
C  0x0000020d506fd2b3  (no source info available)

The last pc belongs to native method entry point (kind = native) (printed below).
Java frames: (J=compiled Java code, j=interpreted, Vv=VM code)
j  sun.awt.windows.WToolkit.eventLoop()V+0 java.desktop@25.0.1
j  sun.awt.windows.WToolkit.run()V+56 java.desktop@25.0.1
j  java.lang.Thread.runWith(Ljava/lang/Object;Ljava/lang/Runnable;)V+5 java.base@25.0.1
j  java.lang.Thread.run()V+19 java.base@25.0.1
v  ~StubRoutines::call_stub 0x0000020d506f12ed

siginfo: EXCEPTION_ACCESS_VIOLATION (0xc0000005), reading address 0x0000000000000008


Registers:
RAX=0x0000000000000000, RBX=0x0000020d605e7e40, RCX=0x0000000000000000, RDX=0x0000000000000000
RSP=0x00000014af9fe910, RBP=0x00000014af9fea29, RSI=0x00000000610115b6, RDI=0x0000000000000000
R8 =0x0000000000000001, R9 =0x00000014adeaf000, R10=0x0000000000000000, R11=0x0000000000000246
R12=0x0000000000000000, R13=0x0000000000000001, R14=0x0000020d76fa6330, R15=0x0000000000000000
RIP=0x00007ff84790f011, EFLAGS=0x0000000000010246

XMM[0]=0x0000000000000000 0x0000000000000000
XMM[1]=0x0000000000000000 0x0000000000000000
XMM[2]=0x0000000000000000 0x0000000000000000
XMM[3]=0x0000000000000000 0x0000000000000000
XMM[4]=0x0000000000000000 0x0000000000000000
XMM[5]=0x0000000000000000 0x0000000000000000
XMM[6]=0x0000000000000000 0x0000000000000000
XMM[7]=0x0000000000000000 0x0000000000000000
XMM[8]=0x0000000000000000 0x0000000000000000
XMM[9]=0x0000000000000000 0x0000000000000000
XMM[10]=0x0000000000000000 0x0000000000000000
XMM[11]=0x0000000000000000 0x0000000000000000
XMM[12]=0x0000000000000000 0x0000000000000000
XMM[13]=0x0000000000000000 0x0000000000000000
XMM[14]=0x0000000000000000 0x0000000000000000
XMM[15]=0x0000000000000000 0x0000000000000000
  MXCSR=0x00001fa0


Register to memory mapping:

RAX=0x0 is null
RBX=0x0000020d605e7e40 points into unknown readable memory: 0x0000020d603d1bf0 | f0 1b 3d 60 0d 02 00 00
RCX=0x0 is null
RDX=0x0 is null
RSP=0x00000014af9fe910 is pointing into the stack for thread: 0x0000020d60867bd0
RBP=0x00000014af9fea29 is pointing into the stack for thread: 0x0000020d60867bd0
RSI=0x00000000610115b6 is pointing into metadata
RDI=0x0 is null
R8 =0x0000000000000001 is an unknown value
R9 =0x00000014adeaf000 points into unknown readable memory: 0x0000000000000000 | 00 00 00 00 00 00 00 00
R10=0x0 is null
R11=0x0000000000000246 is an unknown value
R12=0x0 is null
R13=0x0000000000000001 is an unknown value
R14=0x0000020d76fa6330 points into unknown readable memory: 0x00007ff84793e8e0 | e0 e8 93 47 f8 7f 00 00
R15=0x0 is null

Top of Stack: (sp=0x00000014af9fe910)
0x00000014af9fe910:   00007ff84796c838 00000000610115b6   8..G.......a....
0x00000014af9fe920:   0000020d76fa6330 0000020d60868018   0c.v.......`....
0x00000014af9fe930:   0000000000000000 00007ff8478c8b2c   ........,..G....
0x00000014af9fe940:   00000000610115b6 0000020d76fa6330   ...a....0c.v....
0x00000014af9fe950:   0000020d605e7e40 00007ff847846613   @~^`.....f.G....
0x00000014af9fe960:   0000020d60868018 00007ff8478c8bd6   ...`.......G....
0x00000014af9fe970:   0000020d76fa63d0 0000000000000001   .c.v............
0x00000014af9fe980:   0000000000000000 00000014af9fe938   ........8.......
0x00000014af9fe990:   0000020d60868018 00007ff8478c5f59   ...`....Y_.G....
0x00000014af9fe9a0:   0000020d76fa63d0 00000014af9fea84   .c.v............
0x00000014af9fe9b0:   0000000000000000 0000000000000020   ........ .......
0x00000014af9fe9c0:   00007ff8478c90b0 00007ff8cc3fa3ee   ...G......?.....
0x00000014af9fe9d0:   0000020d60868018 00007ff8cba60be9   ...`............
0x00000014af9fe9e0:   0000001400000310 0000000000000000   ................
0x00000014af9fe9f0:   00000014af9fea84 0000000000000000   ................
0x00000014af9fea00:   0000000000000000 0000000000000000   ................
0x00000014af9fea10:   0000020d76fa63d0 0000020d60868018   .c.v.......`....
0x00000014af9fea20:   0000000000000000 0000000000000000   ................
0x00000014af9fea30:   0000fcb3e9497484 0000000000000000   .tI.............
0x00000014af9fea40:   0000000000000000 0000000000000000   ................
0x00000014af9fea50:   0000000000000000 0000000000000000   ................
0x00000014af9fea60:   0000000000000000 0000000000000310   ................
0x00000014af9fea70:   0000000000000000 0000020d76fa6330   ........0c.v....
0x00000014af9fea80:   0000020d76fa6330 00007ff84791373b   0c.v....;7.G....
0x00000014af9fea90:   0000000000000000 0000a91df08155ef   .........U......
0x00000014af9feaa0:   0000a930b314f5eb 0000000000000022   ....0...".......
0x00000014af9feab0:   000000000000c24c 0000000000000000   L...............
0x00000014af9feac0:   0000000000000000 00007ff8cba37a19   .........z......
0x00000014af9fead0:   0000000000000000 0000000000000001   ................
0x00000014af9feae0:   0000000000000022 00007ff8cc3ea6af   ".........>.....
0x00000014af9feaf0:   00000000001f0760 00007ff8cba38cfa   `...............
0x00000014af9feb00:   ffffffffffffffeb 0000fcb3e94977b4   .........wI.....

Instructions: (pc=0x00007ff84790f011)
  0x00007ff84790ef11:   83 ec 28 66 0f 6e c2 0f 5b c0 f3 0f 59 41 48 0f
  0x00007ff84790ef21:   5a c8 f2 0f 10 05 cd 3c 03 00 f2 0f 5c 0d 05 3d
  0x00007ff84790ef31:   01 00 66 0f 2f c1 76 0a b8 00 00 00 80 48 83 c4
  0x00007ff84790ef41:   28 c3 66 0f 2f 0d 75 86 02 00 76 0a b8 ff ff ff
  0x00007ff84790ef51:   7f 48 83 c4 28 c3 0f 28 c1 e8 5b 07 01 00 f2 0f
  0x00007ff84790ef61:   2c c0 48 83 c4 28 c3 cc cc cc cc cc cc cc cc 48
  0x00007ff84790ef71:   83 ec 28 66 0f 6e c2 0f 5b c0 f3 0f 59 41 4c 0f
  0x00007ff84790ef81:   5a c8 f2 0f 10 05 6d 3c 03 00 f2 0f 5c 0d a5 3c
  0x00007ff84790ef91:   01 00 66 0f 2f c1 76 0a b8 00 00 00 80 48 83 c4
  0x00007ff84790efa1:   28 c3 66 0f 2f 0d 15 86 02 00 76 0a b8 ff ff ff
  0x00007ff84790efb1:   7f 48 83 c4 28 c3 0f 28 c1 e8 fb 06 01 00 f2 0f
  0x00007ff84790efc1:   2c c0 48 83 c4 28 c3 cc cc cc cc cc cc cc cc 48
  0x00007ff84790efd1:   8b 49 08 48 85 c9 0f 85 63 78 fe ff 33 c0 c3 48
  0x00007ff84790efe1:   89 5c 24 08 48 89 74 24 10 57 48 83 ec 20 8b fa
  0x00007ff84790eff1:   48 8b f1 e8 b7 93 f4 ff 48 8b d8 48 89 44 24 40
  0x00007ff84790f001:   41 b8 01 00 00 00 8b d7 48 8b c8 e8 0f 93 f4 ff
=>0x00007ff84790f011:   48 8b 48 08 48 85 c9 74 0d 48 8b d6 e8 1e 78 fe
  0x00007ff84790f021:   ff 48 8b f8 eb 02 33 ff 48 8b cb e8 3f 95 f4 ff
  0x00007ff84790f031:   90 48 8b c7 48 8b 5c 24 30 48 8b 74 24 38 48 83
  0x00007ff84790f041:   c4 20 5f c3 cc cc cc cc cc cc cc cc cc cc cc 48
  0x00007ff84790f051:   8b 01 89 10 c3 cc cc cc cc cc cc cc cc cc cc 40
  0x00007ff84790f061:   57 48 83 ec 40 48 83 79 38 00 48 8b f9 0f 84 b9
  0x00007ff84790f071:   01 00 00 48 8b 0d 85 9e 06 00 ba 02 00 01 00 48
  0x00007ff84790f081:   89 5c 24 58 48 89 74 24 68 e8 d0 ce 00 00 4c 8b
  0x00007ff84790f091:   05 b2 a3 06 00 48 8b c8 48 8b 57 38 48 8b d8 4c
  0x00007ff84790f0a1:   8b 08 4d 8b 91 f8 02 00 00 41 ff d2 48 8b f0 48
  0x00007ff84790f0b1:   85 c0 0f 84 6a 01 00 00 48 8b 0b 48 8b d0 4c 8b
  0x00007ff84790f0c1:   05 72 a3 06 00 4c 8b 89 00 01 00 00 48 8b cb 41
  0x00007ff84790f0d1:   ff d1 84 c0 0f 84 48 01 00 00 48 8b 03 48 8b d6
  0x00007ff84790f0e1:   48 8b 7f 08 48 8b cb 4c 8b 05 61 a3 06 00 48 81
  0x00007ff84790f0f1:   c7 00 04 00 00 48 89 6c 24 60 4c 8b 88 f8 02 00
  0x00007ff84790f101:   00 4c 89 64 24 38 41 ff d1 48 8b 0b 48 8b d6 4c


Stack slot to memory mapping:

stack at sp + 0 slots: 0x00007ff84796c838 awt.dll
stack at sp + 1 slots: 0x00000000610115b6 is pointing into metadata
stack at sp + 2 slots: 0x0000020d76fa6330 points into unknown readable memory: 0x00007ff84793e8e0 | e0 e8 93 47 f8 7f 00 00
stack at sp + 3 slots: 0x0000020d60868018 points into unknown readable memory: 0x00007ff801a56b50 | 50 6b a5 01 f8 7f 00 00
stack at sp + 4 slots: 0x0 is null
stack at sp + 5 slots: 0x00007ff8478c8b2c awt.dll
stack at sp + 6 slots: 0x00000000610115b6 is pointing into metadata
stack at sp + 7 slots: 0x0000020d76fa6330 points into unknown readable memory: 0x00007ff84793e8e0 | e0 e8 93 47 f8 7f 00 00

Lock stack of current Java thread (top to bottom):

native method entry point (kind = native)  [0x0000020d506fcee0, 0x0000020d506fdae0]  3072 bytes
[MachCode]
  0x0000020d506fcee0: 488b 4b08 | 0fb7 492e | 584c 8d74 | ccf8 6800 | 0000 0068 | 0000 0000 | 5055 488b | ec41 5548 
  0x0000020d506fcf00: 8b43 084c | 8d68 3848 | 8b40 0868 | 0000 0000 | 5348 8b50 | 1848 8b52 | 7048 8b12 | 5248 8b53 
  0x0000020d506fcf20: 1048 85d2 | 7407 4881 | c2d0 0000 | 0052 488b | 5010 5249 | 8bc6 482b | c548 c1e8 | 0350 6800 
  0x0000020d506fcf40: 0000 0068 | f7ff ffff | 41c6 87f1 | 0400 0001 | 488b 4310 | 4885 c074 | 208b 8890 | 0000 0083 
  0x0000020d506fcf60: c102 8988 | 9000 0000 | 2388 a400 | 0000 0f84 | b80a 0000 | e9cf 0000 | 0048 8b43 | 1848 85c0 
  0x0000020d506fcf80: 0f85 b000 | 0000 e805 | 0000 00e9 | 9900 0000 | 488b d348 | 8d44 2408 | 4c89 6dc0 | 498b cfc5 
  0x0000020d506fcfa0: f877 4989 | af38 0400 | 0049 8987 | 2804 0000 | 4883 ec20 | 40f6 c40f | 0f84 1900 | 0000 4883 
  0x0000020d506fcfc0: ec08 48b8 | 401f 1e01 | f87f 0000 | ffd0 4883 | c408 e90c | 0000 0048 | b840 1f1e | 01f8 7f00 
  0x0000020d506fcfe0: 00ff d048 | 83c4 2049 | c787 2804 | 0000 0000 | 0000 49c7 | 8738 0400 | 0000 0000 | 0049 c787 
  0x0000020d506fd000: 3004 0000 | 0000 0000 | c5f8 7749 | 837f 0800 | 0f84 0500 | 0000 e9c5 | 41ff ff4c | 8b6d c04c 
  0x0000020d506fd020: 8b75 c84e | 8d74 f500 | c348 8b43 | 1848 85c0 | 0f84 1200 | 0000 8b48 | 0883 c102 | 8948 0823 
  0x0000020d506fd040: 482c 0f84 | e409 0000 | 493b a770 | 0500 000f | 8748 0000 | 0089 8424 | 00f0 ffff | 8984 2400 
  0x0000020d506fd060: e0ff ff89 | 8424 00d0 | ffff 8984 | 2400 c0ff | ff89 8424 | 00b0 ffff | 8984 2400 | a0ff ff89 
  0x0000020d506fd080: 8424 0090 | ffff 8984 | 2400 80ff | ff49 3ba7 | 6805 0000 | 7607 4989 | a770 0500 | 0041 c687 
  0x0000020d506fd0a0: f104 0000 | 0048 8b5d | e84c 8b5b | 0845 0fb7 | 5b2e 41c1 | e303 492b | e348 83ec | 2048 83e4 
  0x0000020d506fd0c0: f04c 8b5b | 604d 85db | 0f85 ab00 | 0000 e805 | 0000 00e9 | 9900 0000 | 488b d348 | 8d44 2408 
  0x0000020d506fd0e0: 4c89 6dc0 | 498b cfc5 | f877 4989 | af38 0400 | 0049 8987 | 2804 0000 | 4883 ec20 | 40f6 c40f 
  0x0000020d506fd100: 0f84 1900 | 0000 4883 | ec08 48b8 | 7048 1e01 | f87f 0000 | ffd0 4883 | c408 e90c | 0000 0048 
  0x0000020d506fd120: b870 481e | 01f8 7f00 | 00ff d048 | 83c4 2049 | c787 2804 | 0000 0000 | 0000 49c7 | 8738 0400 
  0x0000020d506fd140: 0000 0000 | 0049 c787 | 3004 0000 | 0000 0000 | c5f8 7749 | 837f 0800 | 0f84 0500 | 0000 e97d 
  0x0000020d506fd160: 40ff ff4c | 8b6d c04c | 8b75 c84e | 8d74 f500 | c348 8b5d | e84c 8b5b | 6041 ffd3 | 488b 5de8 
  0x0000020d506fd180: 4889 4518 | 440f b75b | 2c41 f6c3 | 080f 841b | 0000 004c | 8b5b 084d | 8b5b 084d | 8b5b 184d 
  0x0000020d506fd1a0: 8b5b 704d | 8b1b 4c89 | 5d10 488d | 5510 488b | 4358 49ba | a00f 5901 | f87f 0000 | 493b c20f 
  0x0000020d506fd1c0: 85ab 0000 | 00e8 0500 | 0000 e999 | 0000 0048 | 8bd3 488d | 4424 084c | 896d c049 | 8bcf c5f8 
  0x0000020d506fd1e0: 7749 89af | 3804 0000 | 4989 8728 | 0400 0048 | 83ec 2040 | f6c4 0f0f | 8419 0000 | 0048 83ec 
  0x0000020d506fd200: 0848 b870 | 481e 01f8 | 7f00 00ff | d048 83c4 | 08e9 0c00 | 0000 48b8 | 7048 1e01 | f87f 0000 
  0x0000020d506fd220: ffd0 4883 | c420 49c7 | 8728 0400 | 0000 0000 | 0049 c787 | 3804 0000 | 0000 0000 | 49c7 8730 
  0x0000020d506fd240: 0400 0000 | 0000 00c5 | f877 4983 | 7f08 000f | 8405 0000 | 00e9 863f | ffff 4c8b | 6dc0 4c8b 
  0x0000020d506fd260: 75c8 4e8d | 74f5 00c3 | 488b 5de8 | 488b 4358 | 498d 8f48 | 0400 004c | 8d15 d500 | 0000 4d89 
  0x0000020d506fd280: 9730 0400 | 00c5 f877 | 4989 af38 | 0400 0049 | 89a7 2804 | 0000 41c7 | 87d4 0400 | 0004 0000 
  0x0000020d506fd2a0: 0049 3ba7 | c805 0000 | 7607 4989 | a7c8 0500 | 00ff d049 | 3ba7 c805 | 0000 720b | 49c7 87c8 
  0x0000020d506fd2c0: 0500 0000 | 0000 00c5 | f877 4883 | ec10 c5fb | 1104 2448 | 83ec 1048 | 8904 2448 | c744 2408 
  0x0000020d506fd2e0: 0000 0000 | 41c7 87d4 | 0400 0005 | 0000 00f0 | 8344 24c0 | 0049 3b6f | 280f 870e | 0000 0041 
  0x0000020d506fd300: 83bf d004 | 0000 000f | 8420 0000 | 0049 8bcf | 4c8b e448 | 83ec 2048 | 83e4 f048 | b8a0 ac1f 
  0x0000020d506fd320: 01f8 7f00 | 00ff d049 | 8be4 4d33 | e441 c787 | d404 0000 | 0800 0000 | 4d8b 97f0 | 0500 0049 
  0x0000020d506fd340: 83fa 0074 | 3549 c787 | f005 0000 | 0000 0000 | 41ff e249 | ba60 be6f | 500d 0200 | 0041 ffd2 
  0x0000020d506fd360: 4883 ec10 | c5fb 1104 | 2448 83ec | 1048 8904 | 2448 c744 | 2408 0000 | 0000 49c7 | 8728 0400 
  0x0000020d506fd380: 0000 0000 | 0049 c787 | 3804 0000 | 0000 0000 | 49c7 8730 | 0400 0000 | 0000 00c5 | f877 4d8b 
  0x0000020d506fd3a0: 9fb8 0400 | 0041 c783 | 0001 0000 | 0000 0000 | 49bb 5aa7 | 6f50 0d02 | 0000 4c3b | 5d18 0f85 
  0x0000020d506fd3c0: 5b02 0000 | 488b 0424 | 4883 c410 | 4885 c00f | 8435 0200 | 00a8 030f | 8508 0000 | 0048 8b00 
  0x0000020d506fd3e0: e925 0200 | 00a8 010f | 8509 0000 | 0048 8b40 | fee9 1402 | 0000 488b | 40ff 4180 | 7f48 000f 
  0x0000020d506fd400: 8405 0200 | 0048 83f8 | 000f 84fb | 0100 004d | 8b5f 384d | 85db 0f84 | 1400 0000 | 4983 eb08 
  0x0000020d506fd420: 4d89 5f38 | 4d03 5f40 | 4989 03e9 | da01 0000 | 4881 ecf0 | 0000 0048 | 8904 2448 | 894c 2408 
  0x0000020d506fd440: 4889 5424 | 104c 8944 | 2418 4c89 | 4c24 204c | 8954 2428 | 4c89 5c24 | 30c5 fb11 | 4424 40c5 
  0x0000020d506fd460: fb11 4c24 | 48c5 fb11 | 5424 50c5 | fb11 5c24 | 58c5 fb11 | 6424 60c5 | fb11 6c24 | 6862 e1ff 
  0x0000020d506fd480: 0811 4424 | 0e62 e1ff | 0811 4c24 | 0f62 e1ff | 0811 5424 | 1062 e1ff | 0811 5c24 | 1162 e1ff 
  0x0000020d506fd4a0: 0811 6424 | 1262 e1ff | 0811 6c24 | 1362 e1ff | 0811 7424 | 1462 e1ff | 0811 7c24 | 1562 61ff 
  0x0000020d506fd4c0: 0811 4424 | 1662 61ff | 0811 4c24 | 1762 61ff | 0811 5424 | 1862 61ff | 0811 5c24 | 1962 61ff 
  0x0000020d506fd4e0: 0811 6424 | 1a62 61ff | 0811 6c24 | 1b62 61ff | 0811 7424 | 1c62 61ff | 0811 7c24 | 1d49 8bd7 
  0x0000020d506fd500: 488b c848 | 83ec 2040 | f6c4 0f0f | 8419 0000 | 0048 83ec | 0848 b820 | 7612 01f8 | 7f00 00ff 
  0x0000020d506fd520: d048 83c4 | 08e9 0c00 | 0000 48b8 | 2076 1201 | f87f 0000 | ffd0 4883 | c420 6261 | ff08 107c 
  0x0000020d506fd540: 241d 6261 | ff08 1074 | 241c 6261 | ff08 106c | 241b 6261 | ff08 1064 | 241a 6261 | ff08 105c 
  0x0000020d506fd560: 2419 6261 | ff08 1054 | 2418 6261 | ff08 104c | 2417 6261 | ff08 1044 | 2416 62e1 | ff08 107c 
  0x0000020d506fd580: 2415 62e1 | ff08 1074 | 2414 62e1 | ff08 106c | 2413 62e1 | ff08 1064 | 2412 62e1 | ff08 105c 
  0x0000020d506fd5a0: 2411 62e1 | ff08 1054 | 2410 62e1 | ff08 104c | 240f 62e1 | ff08 1044 | 240e c5fb | 106c 2468 
  0x0000020d506fd5c0: c5fb 1064 | 2460 c5fb | 105c 2458 | c5fb 1054 | 2450 c5fb | 104c 2448 | c5fb 1044 | 2440 4c8b 
  0x0000020d506fd5e0: 5c24 304c | 8b54 2428 | 4c8b 4c24 | 204c 8b44 | 2418 488b | 5424 1048 | 8b4c 2408 | 488b 0424 
  0x0000020d506fd600: 4881 c4f0 | 0000 00c5 | f877 4889 | 4510 4883 | ec10 4889 | 0424 48c7 | 4424 0800 | 0000 0041 
  0x0000020d506fd620: 83bf 5005 | 0000 020f | 85bf 0000 | 0048 81ec | 8000 0000 | 4889 4424 | 7848 894c | 2470 4889 
  0x0000020d506fd640: 5424 6848 | 895c 2460 | 4889 6c24 | 5048 8974 | 2448 4889 | 7c24 404c | 8944 2438 | 4c89 4c24 
  0x0000020d506fd660: 304c 8954 | 2428 4c89 | 5c24 204c | 8964 2418 | 4c89 6c24 | 104c 8974 | 2408 4c89 | 3c24 4c8b 
  0x0000020d506fd680: e448 83ec | 2048 83e4 | f048 b810 | f758 01f8 | 7f00 00ff | d049 8be4 | 4c8b 3c24 | 4c8b 7424 
  0x0000020d506fd6a0: 084c 8b6c | 2410 4c8b | 6424 184c | 8b5c 2420 | 4c8b 5424 | 284c 8b4c | 2430 4c8b | 4424 3848 
  0x0000020d506fd6c0: 8b7c 2440 | 488b 7424 | 4848 8b6c | 2450 488b | 5c24 6048 | 8b54 2468 | 488b 4c24 | 7048 8b44 
  0x0000020d506fd6e0: 2478 4881 | c480 0000 | 004d 33e4 | 488b 5de8 | 4c8b 6b08 | 4d8d 6d38 | 4983 7f08 | 000f 84bb 
  0x0000020d506fd700: 0000 00e8 | 0500 0000 | e996 0000 | 0048 8d44 | 2408 4c89 | 6dc0 498b | cfc5 f877 | 4989 af38 
  0x0000020d506fd720: 0400 0049 | 8987 2804 | 0000 4883 | ec20 40f6 | c40f 0f84 | 1900 0000 | 4883 ec08 | 48b8 b066 
  0x0000020d506fd740: 1e01 f87f | 0000 ffd0 | 4883 c408 | e90c 0000 | 0048 b8b0 | 661e 01f8 | 7f00 00ff | d048 83c4 
  0x0000020d506fd760: 2049 c787 | 2804 0000 | 0000 0000 | 49c7 8738 | 0400 0000 | 0000 0049 | c787 3004 | 0000 0000 
  0x0000020d506fd780: 0000 c5f8 | 7749 837f | 0800 0f84 | 0500 0000 | e94b 3aff | ff4c 8b6d | c04c 8b75 | c84e 8d74 
  0x0000020d506fd7a0: f500 c348 | b948 0882 | 01f8 7f00 | 0048 83e4 | f048 b800 | 8d45 01f8 | 7f00 00ff | d0f4 440f 
  0x0000020d506fd7c0: b75b 2c41 | f6c3 200f | 8472 0100 | 0048 8d55 | a84c 8b5a | 084d 85db | 0f85 bb00 | 0000 e805 
  0x0000020d506fd7e0: 0000 00e9 | 9600 0000 | 488d 4424 | 084c 896d | c049 8bcf | c5f8 7749 | 89af 3804 | 0000 4989 
  0x0000020d506fd800: 8728 0400 | 0048 83ec | 2040 f6c4 | 0f0f 8419 | 0000 0048 | 83ec 0848 | b8e0 651e | 01f8 7f00 
  0x0000020d506fd820: 00ff d048 | 83c4 08e9 | 0c00 0000 | 48b8 e065 | 1e01 f87f | 0000 ffd0 | 4883 c420 | 49c7 8728 
  0x0000020d506fd840: 0400 0000 | 0000 0049 | c787 3804 | 0000 0000 | 0000 49c7 | 8730 0400 | 0000 0000 | 00c5 f877 
  0x0000020d506fd860: 4983 7f08 | 000f 8405 | 0000 00e9 | 7039 ffff | 4c8b 6dc0 | 4c8b 75c8 | 4e8d 74f5 | 00c3 48b9 
  0x0000020d506fd880: 4808 8201 | f87f 0000 | 4883 e4f0 | 48b8 008d | 4501 f87f | 0000 ffd0 | f44c 896d | c04c 8b4a 
  0x0000020d506fd8a0: 0848 c742 | 0800 0000 | 0045 8b87 | d806 0000 | 4f3b 4c07 | f80f 8542 | 0000 0041 | 83af d806 
  0x0000020d506fd8c0: 0000 084f | 3b4c 07f0 | 0f84 2a00 | 0000 498b | 01a8 020f | 8512 0000 | 004c 8bc0 | 4983 c801 
  0x0000020d506fd8e0: f04d 0fb1 | 010f 840d | 0000 0041 | 8387 d806 | 0000 08e9 | 0500 0000 | e93e 0000 | 004c 894a 
  0x0000020d506fd900: 0848 8bca | 4883 ec20 | 40f6 c40f | 0f84 1900 | 0000 4883 | ec08 48b8 | 3038 1e01 | f87f 0000 
  0x0000020d506fd920: ffd0 4883 | c408 e90c | 0000 0048 | b830 381e | 01f8 7f00 | 00ff d048 | 83c4 204c | 8b6d c041 
  0x0000020d506fd940: c687 9603 | 0000 0149 | 3b6f 280f | 8705 0000 | 00e9 ab00 | 0000 4883 | ec10 c5fb | 1104 2448 
  0x0000020d506fd960: 83ec 1048 | 8904 2448 | c744 2408 | 0000 0000 | c5f8 7749 | 89af 3804 | 0000 49ba | 70d9 6f50 
  0x0000020d506fd980: 0d02 0000 | 4d89 9730 | 0400 0049 | 89a7 2804 | 0000 498b | cf48 83ec | 2040 f6c4 | 0f0f 8419 
  0x0000020d506fd9a0: 0000 0048 | 83ec 0848 | b8d0 1e1e | 01f8 7f00 | 00ff d048 | 83c4 08e9 | 0c00 0000 | 48b8 d01e 
  0x0000020d506fd9c0: 1e01 f87f | 0000 ffd0 | 4883 c420 | 49c7 8728 | 0400 0000 | 0000 0049 | c787 3804 | 0000 0000 
  0x0000020d506fd9e0: 0000 49c7 | 8730 0400 | 0000 0000 | 00c5 f877 | 488b 0424 | 4883 c410 | c5fb 1004 | 2448 83c4 
  0x0000020d506fda00: 1048 8b04 | 2448 83c4 | 10c5 fb10 | 0424 4883 | c410 4c8b | 5d18 41ff | d34c 8b5d | f8c9 41c6 
  0x0000020d506fda20: 8796 0300 | 0000 5f49 | 8be3 ffe7 | ba00 0000 | 00e8 0500 | 0000 e996 | 0000 0048 | 8d44 2408 
  0x0000020d506fda40: 4c89 6dc0 | 498b cfc5 | f877 4989 | af38 0400 | 0049 8987 | 2804 0000 | 4883 ec20 | 40f6 c40f 
  0x0000020d506fda60: 0f84 1900 | 0000 4883 | ec08 48b8 | 202e 1e01 | f87f 0000 | ffd0 4883 | c408 e90c | 0000 0048 
  0x0000020d506fda80: b820 2e1e | 01f8 7f00 | 00ff d048 | 83c4 2049 | c787 2804 | 0000 0000 | 0000 49c7 | 8738 0400 
  0x0000020d506fdaa0: 0000 0000 | 0049 c787 | 3004 0000 | 0000 0000 | c5f8 7749 | 837f 0800 | 0f84 0500 | 0000 e91d 
  0x0000020d506fdac0: 37ff ff4c | 8b6d c04c | 8b75 c84e | 8d74 f500 | c348 8b5d | e8e9 6ef5 | ffff 660f | 1f44 0000 
[/MachCode]

---------------  P R O C E S S  ---------------

Threads class SMR info:
_java_thread_list=0x0000020d77571ba0, length=18, elements={
0x0000020d5fd985f0, 0x0000020d5fd98db0, 0x0000020d5fd99570, 0x0000020d5fd99d30,
0x0000020d5fd9c630, 0x0000020d5fd9cdf0, 0x0000020d5fda1a20, 0x0000020d5fda64f0,
0x0000020d600860a0, 0x0000020d6008ca50, 0x0000020d60359380, 0x0000020d60862940,
0x0000020d60867bd0, 0x0000020d6c039ef0, 0x0000020d3e505730, 0x0000020d600b8eb0,
0x0000020d60113fe0, 0x0000020d607a3520
}

Java Threads: ( => current thread )
  0x0000020d5fd985f0 JavaThread "Reference Handler"          daemon [_thread_blocked, id=15492, stack(0x00000014aec00000,0x00000014aed00000) (1024K)]
  0x0000020d5fd98db0 JavaThread "Finalizer"                  daemon [_thread_blocked, id=28100, stack(0x00000014aed00000,0x00000014aee00000) (1024K)]
  0x0000020d5fd99570 JavaThread "Signal Dispatcher"          daemon [_thread_blocked, id=12192, stack(0x00000014aee00000,0x00000014aef00000) (1024K)]
  0x0000020d5fd99d30 JavaThread "Attach Listener"            daemon [_thread_blocked, id=23328, stack(0x00000014aef00000,0x00000014af000000) (1024K)]
  0x0000020d5fd9c630 JavaThread "Service Thread"             daemon [_thread_blocked, id=17928, stack(0x00000014af000000,0x00000014af100000) (1024K)]
  0x0000020d5fd9cdf0 JavaThread "Monitor Deflation Thread"   daemon [_thread_blocked, id=13944, stack(0x00000014af100000,0x00000014af200000) (1024K)]
  0x0000020d5fda1a20 JavaThread "C2 CompilerThread0"         daemon [_thread_blocked, id=21980, stack(0x00000014af200000,0x00000014af300000) (1024K)]
  0x0000020d5fda64f0 JavaThread "C1 CompilerThread0"         daemon [_thread_blocked, id=9716, stack(0x00000014af300000,0x00000014af400000) (1024K)]
  0x0000020d600860a0 JavaThread "Notification Thread"        daemon [_thread_blocked, id=23012, stack(0x00000014af400000,0x00000014af500000) (1024K)]
  0x0000020d6008ca50 JavaThread "Common-Cleaner"             daemon [_thread_blocked, id=21208, stack(0x00000014af500000,0x00000014af600000) (1024K)]
  0x0000020d60359380 JavaThread "Java2D Disposer"            daemon [_thread_blocked, id=27760, stack(0x00000014af700000,0x00000014af800000) (1024K)]
  0x0000020d60862940 JavaThread "AWT-Shutdown"                      [_thread_blocked, id=24328, stack(0x00000014af800000,0x00000014af900000) (1024K)]
=>0x0000020d60867bd0 JavaThread "AWT-Windows"                daemon [_thread_in_native, id=11536, stack(0x00000014af900000,0x00000014afa00000) (1024K)]
  0x0000020d6c039ef0 JavaThread "AWT-EventQueue-0"                  [_thread_in_native, id=15272, stack(0x00000014af600000,0x00000014af700000) (1024K)]
  0x0000020d3e505730 JavaThread "DestroyJavaVM"                     [_thread_blocked, id=15876, stack(0x00000014ae400000,0x00000014ae500000) (1024K)]
  0x0000020d600b8eb0 JavaThread "D3D Screen Updater"         daemon [_thread_in_native, id=9292, stack(0x00000014b0800000,0x00000014b0900000) (1024K)]
  0x0000020d60113fe0 JavaThread "TimerQueue"                 daemon [_thread_blocked, id=24100, stack(0x00000014b0a00000,0x00000014b0b00000) (1024K)]
  0x0000020d607a3520 JavaThread "mysql-cj-abandoned-connection-cleanup" daemon [_thread_blocked, id=21788, stack(0x00000014b0b00000,0x00000014b0c00000) (1024K)]
Total: 18

Other Threads:
  0x0000020d5fd7a1f0 VMThread "VM Thread"                           [id=4536, stack(0x00000014aeb00000,0x00000014aec00000) (1024K)]
  0x0000020d5fd6ad70 WatcherThread "VM Periodic Task Thread"        [id=2800, stack(0x00000014aea00000,0x00000014aeb00000) (1024K)]
  0x0000020d409a49c0 WorkerThread "GC Thread#0"                     [id=15560, stack(0x00000014ae500000,0x00000014ae600000) (1024K)]
  0x0000020d6c4822c0 WorkerThread "GC Thread#1"                     [id=22228, stack(0x00000014ae100000,0x00000014ae200000) (1024K)]
  0x0000020d6c482710 WorkerThread "GC Thread#2"                     [id=16284, stack(0x00000014ae200000,0x00000014ae300000) (1024K)]
  0x0000020d776220e0 WorkerThread "GC Thread#3"                     [id=27216, stack(0x00000014ae300000,0x00000014ae400000) (1024K)]
  0x0000020d77620b50 WorkerThread "GC Thread#4"                     [id=25328, stack(0x00000014b0500000,0x00000014b0600000) (1024K)]
  0x0000020d7761fe60 WorkerThread "GC Thread#5"                     [id=21036, stack(0x00000014b0600000,0x00000014b0700000) (1024K)]
  0x0000020d776202b0 WorkerThread "GC Thread#6"                     [id=4476, stack(0x00000014b0c00000,0x00000014b0d00000) (1024K)]
  0x0000020d77621840 WorkerThread "GC Thread#7"                     [id=22360, stack(0x00000014b0d00000,0x00000014b0e00000) (1024K)]
  0x0000020d77622980 WorkerThread "GC Thread#8"                     [id=27496, stack(0x00000014b0e00000,0x00000014b0f00000) (1024K)]
  0x0000020d77620fa0 WorkerThread "GC Thread#9"                     [id=9276, stack(0x00000014b0f00000,0x00000014b1000000) (1024K)]
  0x0000020d409bf810 ConcurrentGCThread "G1 Main Marker"            [id=9228, stack(0x00000014ae600000,0x00000014ae700000) (1024K)]
  0x0000020d409c30b0 WorkerThread "G1 Conc#0"                       [id=5208, stack(0x00000014ae700000,0x00000014ae800000) (1024K)]
  0x0000020d77622dd0 WorkerThread "G1 Conc#1"                       [id=10836, stack(0x00000014b1000000,0x00000014b1100000) (1024K)]
  0x0000020d776213f0 WorkerThread "G1 Conc#2"                       [id=27660, stack(0x00000014b1100000,0x00000014b1200000) (1024K)]
  0x0000020d5fc37330 ConcurrentGCThread "G1 Refine#0"               [id=17924, stack(0x00000014ae800000,0x00000014ae900000) (1024K)]
  0x0000020d5fc38800 ConcurrentGCThread "G1 Service"                [id=26376, stack(0x00000014ae900000,0x00000014aea00000) (1024K)]
Total: 18

Threads with active compile tasks:
Total: 0

VM state: not at safepoint (normal execution)

VM Mutex/Monitor currently owned by a thread: None

Heap address: 0x000000070bc00000, size: 3908 MB, Compressed Oops mode: Zero based, Oop shift amount: 3

CDS archive(s) mapped at: [0x0000000034000000-0x0000000034dd0000-0x0000000034dd0000), size 14483456, SharedBaseAddress: 0x0000000034000000, ArchiveRelocationMode: 1.
Compressed class space mapped at: 0x0000000035000000-0x0000000075000000, reserved size: 1073741824
UseCompressedClassPointers 1, UseCompactObjectHeaders 0
Narrow klass pointer bits 32, Max shift 3
Narrow klass base: 0x0000000034000000, Narrow klass shift: 0
Encoding Range: [0x0000000034000000 - 0x0000000134000000), (4294967296 bytes)
Klass Range:    [0x0000000034010000 - 0x0000000075000000), (1090453504 bytes)
Klass ID Range:  [65536 - 1090519033) (1090453497)
Protection zone: [0x0000000034000000 - 0x0000000034010000), (65536 bytes)

GC Precious Log:
 CardTable entry size: 512
 Card Set container configuration: InlinePtr #cards 4 size 8 Array Of Cards #cards 16 size 48 Howl #buckets 8 coarsen threshold 3686 Howl Bitmap #cards 512 size 80 coarsen threshold 460 Card regions per heap region 1 cards per card region 4096
 CPUs: 12 total, 12 available
 Memory: 15631M
 Large Page Support: Disabled
 NUMA Support: Disabled
 Compressed Oops: Enabled (Zero based)
 Heap Region Size: 2M
 Heap Min Capacity: 8M
 Heap Initial Capacity: 246M
 Heap Max Capacity: 3908M
 Pre-touch: Disabled
 Parallel Workers: 10
 Concurrent Workers: 3
 Concurrent Refinement Workers: 10
 Periodic GC: Disabled

Heap:
 garbage-first heap   total reserved 4001792K, committed 28672K, used 15024K [0x000000070bc00000, 0x0000000800000000)
  region size 2048K, 8 young (16384K), 3 survivors (6144K)

Heap Regions: E=young(eden), S=young(survivor), O=old, HS=humongous(starts), HC=humongous(continues), CS=collection set, F=free, TAMS=top-at-mark-start, PB=parsable bottom
|   0|0x000000070bc00000, 0x000000070bc00000, 0x000000070be00000|  0%| F|  |TAMS 0x000000070bc00000| PB 0x000000070bc00000| Untracked |  0
|   1|0x000000070be00000, 0x000000070be00000, 0x000000070c000000|  0%| F|  |TAMS 0x000000070be00000| PB 0x000000070be00000| Untracked |  0
|   2|0x000000070c000000, 0x000000070c000000, 0x000000070c200000|  0%| F|  |TAMS 0x000000070c000000| PB 0x000000070c000000| Untracked |  0
|   3|0x000000070c200000, 0x000000070c200000, 0x000000070c400000|  0%| F|  |TAMS 0x000000070c200000| PB 0x000000070c200000| Untracked |  0
|   4|0x000000070c400000, 0x000000070c400000, 0x000000070c600000|  0%| F|  |TAMS 0x000000070c400000| PB 0x000000070c400000| Untracked |  0
|   5|0x000000070c600000, 0x000000070c71a9a8, 0x000000070c800000| 55%| E|  |TAMS 0x000000070c600000| PB 0x000000070c600000| Complete |  0
|   6|0x000000070c800000, 0x000000070ca00000, 0x000000070ca00000|100%| E|CS|TAMS 0x000000070c800000| PB 0x000000070c800000| Complete |  0
|   7|0x000000070ca00000, 0x000000070cc00000, 0x000000070cc00000|100%| E|CS|TAMS 0x000000070ca00000| PB 0x000000070ca00000| Complete |  0
|   8|0x000000070cc00000, 0x000000070ce00000, 0x000000070ce00000|100%| E|CS|TAMS 0x000000070cc00000| PB 0x000000070cc00000| Complete |  0
|  99|0x0000000718200000, 0x0000000718386a20, 0x0000000718400000| 76%| S|CS|TAMS 0x0000000718200000| PB 0x0000000718200000| Complete |  0
| 100|0x0000000718400000, 0x0000000718600000, 0x0000000718600000|100%| S|CS|TAMS 0x0000000718400000| PB 0x0000000718400000| Complete |  0
| 101|0x0000000718600000, 0x0000000718800000, 0x0000000718800000|100%| S|CS|TAMS 0x0000000718600000| PB 0x0000000718600000| Complete |  0
| 122|0x000000071b000000, 0x000000071b200000, 0x000000071b200000|100%| E|CS|TAMS 0x000000071b000000| PB 0x000000071b000000| Complete |  0
|1953|0x00000007ffe00000, 0x00000007fff256a0, 0x0000000800000000| 57%| O|Cm|TAMS 0x00000007ffe00000| PB 0x00000007ffe00000| Complete |  0

Card table byte_map: [0x0000020d58ed0000,0x0000020d59680000] _byte_map_base: 0x0000020d55672000

Marking Bits: (CMBitMap*) 0x0000020d409a7060
 Bits: [0x0000020d59680000, 0x0000020d5d390000)

Polling page: 0x0000020d400d0000

Metaspace:
Metaspace        used 22365K, committed 22592K, reserved 1114112K
 class space     used 2093K, committed 2176K, reserved 1048576K

Usage:
  Non-class:     19.80 MB used.
      Class:      2.04 MB used.
       Both:     21.84 MB used.

Virtual space:
  Non-class space:       64.00 MB reserved,      19.94 MB ( 31%) committed,  1 nodes.
      Class space:        1.00 GB reserved,       2.12 MB ( <1%) committed,  1 nodes.
             Both:        1.06 GB reserved,      22.06 MB (  2%) committed. 

Chunk freelists:
   Non-Class:  12.08 MB
       Class:  13.70 MB
        Both:  25.78 MB

MaxMetaspaceSize: unlimited
CompressedClassSpaceSize: 1.00 GB
Initial GC threshold: 21.00 MB
Current GC threshold: 35.25 MB
CDS: on
 - commit_granule_bytes: 65536.
 - commit_granule_words: 8192.
 - virtual_space_node_default_size: 8388608.
 - enlarge_chunks_in_place: 1.
UseCompressedClassPointers 1, UseCompactObjectHeaders 0
Narrow klass pointer bits 32, Max shift 3
Narrow klass base: 0x0000000034000000, Narrow klass shift: 0
Encoding Range: [0x0000000034000000 - 0x0000000134000000), (4294967296 bytes)
Klass Range:    [0x0000000034010000 - 0x0000000075000000), (1090453504 bytes)
Klass ID Range:  [65536 - 1090519033) (1090453497)
Protection zone: [0x0000000034000000 - 0x0000000034010000), (65536 bytes)


Internal statistics:

num_allocs_failed_limit: 3.
num_arena_births: 150.
num_arena_deaths: 0.
num_vsnodes_births: 2.
num_vsnodes_deaths: 0.
num_space_committed: 353.
num_space_uncommitted: 0.
num_chunks_returned_to_freelist: 3.
num_chunks_taken_from_freelist: 367.
num_chunk_merges: 0.
num_chunk_splits: 227.
num_chunks_enlarged: 145.
num_inconsistent_stats: 0.

CodeHeap 'non-profiled nmethods': size=120064Kb used=1235Kb max_used=1235Kb free=118828Kb
 bounds [0x0000020d50c80000, 0x0000020d50ef0000, 0x0000020d581c0000]
CodeHeap 'profiled nmethods': size=120000Kb used=7595Kb max_used=7595Kb free=112404Kb
 bounds [0x0000020d491c0000, 0x0000020d49930000, 0x0000020d506f0000]
CodeHeap 'non-nmethods': size=5696Kb used=1905Kb max_used=1969Kb free=3790Kb
 bounds [0x0000020d506f0000, 0x0000020d50960000, 0x0000020d50c80000]
CodeCache: size=245760Kb, used=10735Kb, max_used=10799Kb, free=235022Kb
 total_blobs=5302, nmethods=4475, adapters=730, full_count=0
Compilation: enabled, stopped_count=0, restarted_count=0

Compilation events (20 events):
Event: 37101.105 Thread 0x0000020d5fda64f0 4468       3       java.lang.ref.ReferenceQueue::remove0 (67 bytes)
Event: 37101.106 Thread 0x0000020d5fda64f0 nmethod 4468 0x0000020d4991fe08 code [0x0000020d4991ff00, 0x0000020d49920358]
Event: 37101.106 Thread 0x0000020d5fda64f0 4467   !   3       java.lang.ref.ReferenceQueue::remove (49 bytes)
Event: 37101.106 Thread 0x0000020d5fda64f0 nmethod 4467 0x0000020d49920388 code [0x0000020d49920480, 0x0000020d49920e20]
Event: 37131.147 Thread 0x0000020d5fda1a20 4469       4       java.lang.ref.SoftReference::get (29 bytes)
Event: 37131.148 Thread 0x0000020d5fda1a20 nmethod 4469 0x0000020d50db4408 code [0x0000020d50db4500, 0x0000020d50db4610]
Event: 37146.168 Thread 0x0000020d5fda64f0 4470       3       jdk.internal.loader.URLClassPath$FileLoader::findResource (17 bytes)
Event: 37146.168 Thread 0x0000020d5fda64f0 nmethod 4470 0x0000020d49920e88 code [0x0000020d49920f80, 0x0000020d499211f0]
Event: 37206.248 Thread 0x0000020d5fda64f0 4471   !   3       com.mysql.cj.jdbc.AbandonedConnectionCleanupThread::checkThreadContextClassLoader (20 bytes)
Event: 37206.248 Thread 0x0000020d5fda64f0 nmethod 4471 0x0000020d49921208 code [0x0000020d49921300, 0x0000020d49921930]
Event: 38025.039 Thread 0x0000020d5fda64f0 4472 % !   3       sun.java2d.d3d.D3DScreenUpdateManager::run @ 0 (267 bytes)
Event: 38025.048 Thread 0x0000020d5fda64f0 nmethod 4472% 0x0000020d49921988 code [0x0000020d49921a80, 0x0000020d49924a30]
Event: 38061.491 Thread 0x0000020d5fda64f0 4473 % !   3       sun.java2d.d3d.D3DScreenUpdateManager::run @ 105 (267 bytes)
Event: 38061.493 Thread 0x0000020d5fda64f0 nmethod 4473% 0x0000020d49924a88 code [0x0000020d49924b80, 0x0000020d49927bc8]
Event: 38097.881 Thread 0x0000020d5fda64f0 4474   !   3       sun.java2d.d3d.D3DScreenUpdateManager::run (267 bytes)
Event: 38097.882 Thread 0x0000020d5fda64f0 nmethod 4474 0x0000020d49927c08 code [0x0000020d49927d00, 0x0000020d4992ac18]
Event: 38182.481 Thread 0x0000020d5fda1a20 4475       4       sun.net.www.ParseUtil::firstEncodeIndex (86 bytes)
Event: 38182.486 Thread 0x0000020d5fda1a20 nmethod 4475 0x0000020d50db4708 code [0x0000020d50db4800, 0x0000020d50db4a98]
Event: 38393.209 Thread 0x0000020d5fda1a20 4476       4       jdk.internal.classfile.impl.SplitConstantPool::canWriteDirect (24 bytes)
Event: 38393.211 Thread 0x0000020d5fda1a20 nmethod 4476 0x0000020d50db4b08 code [0x0000020d50db4c00, 0x0000020d50db4cd0]

GC Heap Usage History (2 events):
Event: 164.933 {heap Before GC invocations=0 (full 0):
 garbage-first heap   total reserved 4001792K, committed 253952K, used 42133K [0x000000070bc00000, 0x0000000800000000)
  region size 2048K, 21 young (43008K), 0 survivors (0K)
}
Event: 164.942 {heap After GC invocations=1 (full 0):
 garbage-first heap   total reserved 4001792K, committed 253952K, used 6832K [0x000000070bc00000, 0x0000000800000000)
  region size 2048K, 3 young (6144K), 3 survivors (6144K)
}

Metaspace Usage History (2 events):
Event: 164.933 {metaspace Before GC invocations=0 (full 0):
 Metaspace       used 21375K, committed 21504K, reserved 1114112K
  class space    used 1990K, committed 2048K, reserved 1048576K
}
Event: 164.942 {metaspace After GC invocations=1 (full 0):
 Metaspace       used 21375K, committed 21504K, reserved 1114112K
  class space    used 1990K, committed 2048K, reserved 1048576K
}

Dll operation events (11 events):
Event: 0.011 Loaded shared library C:\Program Files\Java\jdk-25\bin\java.dll
Event: 0.064 Loaded shared library C:\Program Files\Java\jdk-25\bin\jimage.dll
Event: 0.068 Loaded shared library C:\Program Files\Java\jdk-25\bin\net.dll
Event: 0.070 Loaded shared library C:\Program Files\Java\jdk-25\bin\nio.dll
Event: 0.074 Loaded shared library C:\Program Files\Java\jdk-25\bin\zip.dll
Event: 0.090 Loaded shared library C:\Program Files\Java\jdk-25\bin\awt.dll
Event: 0.395 Loaded shared library C:\Program Files\Java\jdk-25\bin\freetype.dll
Event: 0.396 Loaded shared library C:\Program Files\Java\jdk-25\bin\fontmanager.dll
Event: 28.096 Loaded shared library C:\Program Files\Java\jdk-25\bin\extnet.dll
Event: 28.370 Loaded shared library C:\Program Files\Java\jdk-25\bin\sunmscapi.dll
Event: 164.917 Loaded shared library C:\Program Files\Java\jdk-25\bin\verify.dll

Deoptimization events (20 events):
Event: 173.266 Thread 0x0000020d6c039ef0 Uncommon trap: trap_request=0xffffff45 fr.pc=0x0000020d50dab370 relative=0x0000000000000170
Event: 173.266 Thread 0x0000020d6c039ef0 Uncommon trap: reason=unstable_if action=reinterpret pc=0x0000020d50dab370 method=java.util.Calendar.getSetStateFields()I @ 19 c2
Event: 173.266 Thread 0x0000020d6c039ef0 DEOPT PACKING pc=0x0000020d50dab370 sp=0x00000014af6fd9d0
Event: 173.267 Thread 0x0000020d6c039ef0 DEOPT UNPACKING pc=0x0000020d50821702 sp=0x00000014af6fd958 mode 2
Event: 178.785 Thread 0x0000020d6c039ef0 Uncommon trap: trap_request=0xffffff66 fr.pc=0x0000020d50db0f94 relative=0x0000000000000894
Event: 178.785 Thread 0x0000020d6c039ef0 Uncommon trap: reason=loop_limit_check action=maybe_recompile pc=0x0000020d50db0f94 method=java.awt.geom.AffineTransform.transform([DI[DII)V @ 454 c2
Event: 178.785 Thread 0x0000020d6c039ef0 DEOPT PACKING pc=0x0000020d50db0f94 sp=0x00000014af6fdcb0
Event: 178.785 Thread 0x0000020d6c039ef0 DEOPT UNPACKING pc=0x0000020d50821702 sp=0x00000014af6fdbf0 mode 2
Event: 185.856 Thread 0x0000020d6c039ef0 Uncommon trap: trap_request=0xffffff45 fr.pc=0x0000020d50da5b58 relative=0x0000000000000dd8
Event: 185.857 Thread 0x0000020d6c039ef0 Uncommon trap: reason=unstable_if action=reinterpret pc=0x0000020d50da5b58 method=javax.swing.RepaintManager.addDirtyRegion0(Ljava/awt/Container;IIII)V @ 108 c2
Event: 185.857 Thread 0x0000020d6c039ef0 DEOPT PACKING pc=0x0000020d50da5b58 sp=0x00000014af6fdfb0
Event: 185.857 Thread 0x0000020d6c039ef0 DEOPT UNPACKING pc=0x0000020d50821702 sp=0x00000014af6fde40 mode 2
Event: 191.125 Thread 0x0000020d6c039ef0 Uncommon trap: trap_request=0xffffff45 fr.pc=0x0000020d50da6b6c relative=0x0000000000000aec
Event: 191.125 Thread 0x0000020d6c039ef0 Uncommon trap: reason=unstable_if action=reinterpret pc=0x0000020d50da6b6c method=javax.swing.RepaintManager.addDirtyRegion0(Ljava/awt/Container;IIII)V @ 108 c2
Event: 191.125 Thread 0x0000020d6c039ef0 DEOPT PACKING pc=0x0000020d50da6b6c sp=0x00000014af6fe060
Event: 191.125 Thread 0x0000020d6c039ef0 DEOPT UNPACKING pc=0x0000020d50821702 sp=0x00000014af6fdfb0 mode 2
Event: 36362.152 Thread 0x0000020d600b8eb0 Uncommon trap: trap_request=0xffffffdc fr.pc=0x0000020d50db322c relative=0x000000000000022c
Event: 36362.152 Thread 0x0000020d600b8eb0 Uncommon trap: reason=class_check action=make_not_entrant pc=0x0000020d50db322c method=java.util.ArrayList.toArray([Ljava/lang/Object;)[Ljava/lang/Object; @ 21 c2
Event: 36362.152 Thread 0x0000020d600b8eb0 DEOPT PACKING pc=0x0000020d50db322c sp=0x00000014b08ff210
Event: 36362.152 Thread 0x0000020d600b8eb0 DEOPT UNPACKING pc=0x0000020d50821702 sp=0x00000014b08ff1d0 mode 2

Classes loaded (20 events):
Event: 171.754 Loading class sun/swing/MenuItemLayoutHelper
Event: 171.754 Loading class sun/swing/MenuItemLayoutHelper done
Event: 171.773 Loading class java/text/CalendarBuilder
Event: 171.773 Loading class java/text/CalendarBuilder done
Event: 171.778 Loading class javax/swing/plaf/basic/BasicPopupMenuUI$Actions
Event: 171.779 Loading class javax/swing/plaf/basic/BasicPopupMenuUI$Actions done
Event: 171.842 Loading class java/awt/geom/Path2D$Double
Event: 171.842 Loading class java/awt/geom/Path2D$Double done
Event: 171.842 Loading class java/awt/geom/Path2D$Double$TxIterator
Event: 171.842 Loading class java/awt/geom/Path2D$Double$TxIterator done
Event: 173.266 Loading class java/text/DecimalFormat$NumericPosition
Event: 173.266 Loading class java/text/DecimalFormat$NumericPosition done
Event: 175.729 Loading class javax/swing/JFormattedTextField$FocusLostHandler
Event: 175.729 Loading class javax/swing/JFormattedTextField$FocusLostHandler done
Event: 176.935 Loading class javax/swing/JMenuBar
Event: 176.980 Loading class javax/swing/JMenuBar done
Event: 663.497 Loading class java/awt/desktop/SystemSleepListener
Event: 663.497 Loading class java/awt/desktop/SystemEventListener
Event: 663.497 Loading class java/awt/desktop/SystemEventListener done
Event: 663.497 Loading class java/awt/desktop/SystemSleepListener done

Classes unloaded (0 events):
No events

Classes redefined (0 events):
No events

Internal exceptions (20 events):
Event: 0.407 Thread 0x0000020d3e505730 Exception <a 'java/lang/NoSuchMethodError'{0x000000071a91e8b8}: 'java.lang.Object java.lang.invoke.DirectMethodHandle$Holder.newInvokeSpecial(java.lang.Object, int, java.lang.Object)'> (0x000000071a91e8b8) 
thrown [s\open\src\hotspot\share\interpreter\linkResolver.cpp, line 804]
Event: 0.521 Thread 0x0000020d3e505730 Exception <a 'java/lang/NoSuchMethodError'{0x000000071a7461e8}: 'void java.lang.invoke.DelegatingMethodHandle$Holder.reinvoke_L(java.lang.Object, java.lang.Object, java.lang.Object, long, float)'> (0x000000071a7461e8) 
thrown [s\open\src\hotspot\share\interpreter\linkResolver.cpp, line 804]
Event: 0.523 Thread 0x0000020d3e505730 Exception <a 'java/lang/NoSuchMethodError'{0x000000071a75e9a8}: 'java.lang.Object java.lang.invoke.DirectMethodHandle$Holder.invokeStatic(java.lang.Object, java.lang.Object, java.lang.Object, java.lang.Object, long)'> (0x000000071a75e9a8) 
thrown [s\open\src\hotspot\share\interpreter\linkResolver.cpp, line 804]
Event: 0.525 Thread 0x0000020d3e505730 Exception <a 'java/lang/NoSuchMethodError'{0x000000071a781278}: 'float java.lang.invoke.DelegatingMethodHandle$Holder.reinvoke_L(java.lang.Object, java.lang.Object, java.lang.Object, long)'> (0x000000071a781278) 
thrown [s\open\src\hotspot\share\interpreter\linkResolver.cpp, line 804]
Event: 27.912 Thread 0x0000020d6c039ef0 Exception <a 'java/lang/NoSuchMethodError'{0x000000071a2a95a0}: 'void java.lang.invoke.DirectMethodHandle$Holder.invokeStatic(java.lang.Object, java.lang.Object)'> (0x000000071a2a95a0) 
thrown [s\open\src\hotspot\share\interpreter\linkResolver.cpp, line 804]
Event: 27.937 Thread 0x0000020d6c039ef0 Exception <a 'java/lang/NoSuchMethodError'{0x000000071a05b0c8}: 'java.lang.Object java.lang.invoke.DirectMethodHandle$Holder.invokeInterface(java.lang.Object, java.lang.Object)'> (0x000000071a05b0c8) 
thrown [s\open\src\hotspot\share\interpreter\linkResolver.cpp, line 804]
Event: 27.978 Thread 0x0000020d6c039ef0 Exception <a 'java/lang/NoSuchMethodError'{0x0000000719f055e8}: 'void java.lang.invoke.DirectMethodHandle$Holder.invokeStatic(java.lang.Object, java.lang.Object, java.lang.Object)'> (0x0000000719f055e8) 
thrown [s\open\src\hotspot\share\interpreter\linkResolver.cpp, line 804]
Event: 27.979 Thread 0x0000020d6c039ef0 Exception <a 'java/lang/NoSuchMethodError'{0x0000000719f1d430}: 'java.lang.Object java.lang.invoke.DirectMethodHandle$Holder.invokeVirtual(java.lang.Object, java.lang.Object, java.lang.Object)'> (0x0000000719f1d430) 
thrown [s\open\src\hotspot\share\interpreter\linkResolver.cpp, line 804]
Event: 28.208 Thread 0x0000020d6c039ef0 Exception <a 'java/lang/NoSuchMethodError'{0x0000000719976818}: 'void java.lang.invoke.DirectMethodHandle$Holder.invokeStaticInit(java.lang.Object, java.lang.Object)'> (0x0000000719976818) 
thrown [s\open\src\hotspot\share\interpreter\linkResolver.cpp, line 804]
Event: 28.267 Thread 0x0000020d6c039ef0 Exception <a 'sun/nio/fs/WindowsException'{0x00000007196c6d68}> (0x00000007196c6d68) 
thrown [s\open\src\hotspot\share\prims\jni.cpp, line 516]
Event: 28.313 Thread 0x0000020d6c039ef0 Exception <a 'java/lang/NoSuchMethodError'{0x0000000719770c70}: 'java.lang.Object java.lang.invoke.DirectMethodHandle$Holder.invokeStaticInit(java.lang.Object, int, int, int, int)'> (0x0000000719770c70) 
thrown [s\open\src\hotspot\share\interpreter\linkResolver.cpp, line 804]
Event: 28.333 Thread 0x0000020d6c039ef0 Exception <a 'java/lang/NoSuchMethodError'{0x00000007197e8970}: 'java.lang.Object java.lang.invoke.DirectMethodHandle$Holder.invokeStaticInit(java.lang.Object, java.lang.Object, int, int, int, int)'> (0x00000007197e8970) 
thrown [s\open\src\hotspot\share\interpreter\linkResolver.cpp, line 804]
Event: 28.599 Thread 0x0000020d6c039ef0 Exception <a 'java/lang/NoSuchMethodError'{0x0000000719543858}: 'java.lang.Object java.lang.invoke.Invokers$Holder.invoke_MT(java.lang.Object, java.lang.Object, java.lang.Object, java.lang.Object, java.lang.Object, java.lang.Object)'> (0x0000000719543858) 
thrown [s\open\src\hotspot\share\interpreter\linkResolver.cpp, line 804]
Event: 28.601 Thread 0x0000020d6c039ef0 Exception <a 'java/lang/NoSuchMethodError'{0x000000071954c818}: 'java.lang.Object java.lang.invoke.DirectMethodHandle$Holder.invokeStatic(java.lang.Object, java.lang.Object, int)'> (0x000000071954c818) 
thrown [s\open\src\hotspot\share\interpreter\linkResolver.cpp, line 804]
Event: 28.605 Thread 0x0000020d6c039ef0 Exception <a 'java/lang/NoSuchMethodError'{0x000000071956df18}: 'void java.lang.invoke.DelegatingMethodHandle$Holder.delegate(java.lang.Object, java.lang.Object, int, java.lang.Object)'> (0x000000071956df18) 
thrown [s\open\src\hotspot\share\interpreter\linkResolver.cpp, line 804]
Event: 28.746 Thread 0x0000020d6c039ef0 Implicit null exception at 0x0000020d50cfea36 to 0x0000020d50cff4b4
Event: 28.746 Thread 0x0000020d6c039ef0 Implicit null exception at 0x0000020d50cfe4ad to 0x0000020d50cfe76c
Event: 28.858 Thread 0x0000020d6c039ef0 Exception <a 'java/lang/NoSuchMethodError'{0x0000000719380388}: 'int java.lang.invoke.DirectMethodHandle$Holder.invokeStatic(java.lang.Object)'> (0x0000000719380388) 
thrown [s\open\src\hotspot\share\interpreter\linkResolver.cpp, line 804]
Event: 31.106 Thread 0x0000020d6c039ef0 Exception <a 'java/lang/NoSuchMethodError'{0x00000007193b7850}: 'void java.lang.invoke.DirectMethodHandle$Holder.invokeInterface(java.lang.Object, java.lang.Object)'> (0x00000007193b7850) 
thrown [s\open\src\hotspot\share\interpreter\linkResolver.cpp, line 804]
Event: 164.992 Thread 0x0000020d6c039ef0 Implicit null exception at 0x0000020d50d58823 to 0x0000020d50d596b8

VM Operations (20 events):
Event: 164.959 Executing non-safepoint VM operation: HandshakeAllThreads (Deoptimize)
Event: 164.959 Executing non-safepoint VM operation: HandshakeAllThreads (Deoptimize) done
Event: 173.264 Executing non-safepoint VM operation: HandshakeAllThreads (Deoptimize)
Event: 173.264 Executing non-safepoint VM operation: HandshakeAllThreads (Deoptimize) done
Event: 180.415 Executing non-safepoint VM operation: HandshakeAllThreads (HandshakeForDeflation)
Event: 180.415 Executing non-safepoint VM operation: HandshakeAllThreads (HandshakeForDeflation) done
Event: 180.415 Executing non-safepoint VM operation: RendezvousGCThreads
Event: 180.415 Executing non-safepoint VM operation: RendezvousGCThreads done
Event: 240.542 Executing non-safepoint VM operation: HandshakeAllThreads (HandshakeForDeflation)
Event: 240.542 Executing non-safepoint VM operation: HandshakeAllThreads (HandshakeForDeflation) done
Event: 240.542 Executing non-safepoint VM operation: RendezvousGCThreads
Event: 240.542 Executing non-safepoint VM operation: RendezvousGCThreads done
Event: 36360.840 Executing non-safepoint VM operation: HandshakeAllThreads (HandshakeForDeflation)
Event: 36360.840 Executing non-safepoint VM operation: HandshakeAllThreads (HandshakeForDeflation) done
Event: 36360.840 Executing non-safepoint VM operation: RendezvousGCThreads
Event: 36360.840 Executing non-safepoint VM operation: RendezvousGCThreads done
Event: 36841.670 Executing non-safepoint VM operation: HandshakeAllThreads (HandshakeForDeflation)
Event: 36841.671 Executing non-safepoint VM operation: HandshakeAllThreads (HandshakeForDeflation) done
Event: 36841.671 Executing non-safepoint VM operation: RendezvousGCThreads
Event: 36841.671 Executing non-safepoint VM operation: RendezvousGCThreads done

Memory protections (0 events):
No events

Nmethod flushes (0 events):
No events

Events (20 events):
Event: 0.149 Thread 0x0000020d3e505730 Thread added: 0x0000020d60867bd0
Event: 0.267 Thread 0x0000020d601331d0 Thread exited: 0x0000020d601331d0
Event: 0.368 Thread 0x0000020d3e505730 Thread added: 0x0000020d6c039ef0
Event: 0.601 Thread 0x0000020d3e505730 Thread exited: 0x0000020d3e505730
Event: 0.601 Thread 0x0000020d3e505730 Thread added: 0x0000020d3e505730
Event: 0.610 Thread 0x0000020d6c039ef0 Thread added: 0x0000020d600b8eb0
Event: 9.858 Thread 0x0000020d6c039ef0 Thread added: 0x0000020d60113fe0
Event: 27.914 Thread 0x0000020d6c039ef0 Thread added: 0x0000020d607a3520
Event: 27.949 Thread 0x0000020d5fda64f0 Thread added: 0x0000020d602892c0
Event: 27.972 Thread 0x0000020d5fda64f0 Thread added: 0x0000020d602b38a0
Event: 28.782 Thread 0x0000020d6c039ef0 Thread added: 0x0000020d60309b90
Event: 30.110 Thread 0x0000020d602b38a0 Thread exited: 0x0000020d602b38a0
Event: 30.173 Thread 0x0000020d602892c0 Thread exited: 0x0000020d602892c0
Event: 33.790 Thread 0x0000020d60309b90 Thread exited: 0x0000020d60309b90
Event: 62.730 Thread 0x0000020d5fda1a20 Thread added: 0x0000020d6004e100
Event: 65.389 Thread 0x0000020d6004e100 Thread exited: 0x0000020d6004e100
Event: 164.974 Thread 0x0000020d5fda64f0 Thread added: 0x0000020d60958660
Event: 165.080 Thread 0x0000020d6c039ef0 Thread added: 0x0000020d6030d240
Event: 166.716 Thread 0x0000020d60958660 Thread exited: 0x0000020d60958660
Event: 170.087 Thread 0x0000020d6030d240 Thread exited: 0x0000020d6030d240


Dynamic libraries:
0x00007ff61ac00000 - 0x00007ff61ac10000 	C:\Program Files\Java\jdk-25\bin\java.exe
0x00007ff8cc3e0000 - 0x00007ff8cc648000 	C:\windows\SYSTEM32\ntdll.dll
0x00007ff8caec0000 - 0x00007ff8caf89000 	C:\windows\System32\KERNEL32.DLL
0x00007ff8c9a30000 - 0x00007ff8c9e22000 	C:\windows\System32\KERNELBASE.dll
0x00007ff8c96f0000 - 0x00007ff8c983b000 	C:\windows\System32\ucrtbase.dll
0x00007ff8983a0000 - 0x00007ff8983b7000 	C:\Program Files\Java\jdk-25\bin\jli.dll
0x00007ff89b6e0000 - 0x00007ff89b6fe000 	C:\Program Files\Java\jdk-25\bin\VCRUNTIME140.dll
0x00007ff8cba20000 - 0x00007ff8cbbe5000 	C:\windows\System32\USER32.dll
0x00007ff8c9f80000 - 0x00007ff8c9fa7000 	C:\windows\System32\win32u.dll
0x00007ff8cbbf0000 - 0x00007ff8cbc1b000 	C:\windows\System32\GDI32.dll
0x00007ff8a4470000 - 0x00007ff8a4703000 	C:\windows\WinSxS\amd64_microsoft.windows.common-controls_6595b64144ccf1df_6.0.26100.6899_none_3e0efeeae32e88c1\COMCTL32.dll
0x00007ff8c9840000 - 0x00007ff8c996d000 	C:\windows\System32\gdi32full.dll
0x00007ff8caff0000 - 0x00007ff8cb099000 	C:\windows\System32\msvcrt.dll
0x00007ff8c9ed0000 - 0x00007ff8c9f73000 	C:\windows\System32\msvcp_win.dll
0x00007ff8ca8e0000 - 0x00007ff8ca90f000 	C:\windows\System32\IMM32.DLL
0x00007ff8c2c20000 - 0x00007ff8c2c2c000 	C:\Program Files\Java\jdk-25\bin\vcruntime140_1.dll
0x00007ff848290000 - 0x00007ff84831d000 	C:\Program Files\Java\jdk-25\bin\msvcp140.dll
0x00007ff800d70000 - 0x00007ff801bcf000 	C:\Program Files\Java\jdk-25\bin\server\jvm.dll
0x00007ff8cc2e0000 - 0x00007ff8cc394000 	C:\windows\System32\ADVAPI32.dll
0x00007ff8ca990000 - 0x00007ff8caa36000 	C:\windows\System32\sechost.dll
0x00007ff8cada0000 - 0x00007ff8caeb8000 	C:\windows\System32\RPCRT4.dll
0x00007ff8ca240000 - 0x00007ff8ca2b4000 	C:\windows\System32\WS2_32.dll
0x00007ff8c93d0000 - 0x00007ff8c942e000 	C:\windows\SYSTEM32\POWRPROF.dll
0x00007ff8c0960000 - 0x00007ff8c096b000 	C:\windows\SYSTEM32\VERSION.dll
0x00007ff8b80b0000 - 0x00007ff8b80e5000 	C:\windows\SYSTEM32\WINMM.dll
0x00007ff8c93b0000 - 0x00007ff8c93c4000 	C:\windows\SYSTEM32\UMPDC.dll
0x00007ff8c8340000 - 0x00007ff8c835b000 	C:\windows\SYSTEM32\kernel.appcore.dll
0x00007ff8bb1c0000 - 0x00007ff8bb1ca000 	C:\Program Files\Java\jdk-25\bin\jimage.dll
0x00007ff8be6a0000 - 0x00007ff8be8e2000 	C:\windows\SYSTEM32\DBGHELP.DLL
0x00007ff8ca480000 - 0x00007ff8ca7fb000 	C:\windows\System32\combase.dll
0x00007ff8cb0a0000 - 0x00007ff8cb177000 	C:\windows\System32\OLEAUT32.dll
0x00007ff8b4740000 - 0x00007ff8b477c000 	C:\windows\SYSTEM32\dbgcore.DLL
0x00007ff8c9e30000 - 0x00007ff8c9ec8000 	C:\windows\System32\bcryptPrimitives.dll
0x00007ff8962e0000 - 0x00007ff8962ff000 	C:\Program Files\Java\jdk-25\bin\java.dll
0x00007ff8ca2e0000 - 0x00007ff8ca478000 	C:\windows\System32\ole32.dll
0x00007ff8cb190000 - 0x00007ff8cb8dd000 	C:\windows\System32\SHELL32.dll
0x00007ff8c9fb0000 - 0x00007ff8ca11b000 	C:\windows\System32\wintypes.dll
0x00007ff8c7190000 - 0x00007ff8c79ed000 	C:\windows\SYSTEM32\windows.storage.dll
0x00007ff8cb910000 - 0x00007ff8cba02000 	C:\windows\System32\SHCORE.dll
0x00007ff8ca920000 - 0x00007ff8ca982000 	C:\windows\System32\shlwapi.dll
0x00007ff8c9490000 - 0x00007ff8c94b9000 	C:\windows\SYSTEM32\profapi.dll
0x00007ff894190000 - 0x00007ff8941a2000 	C:\Program Files\Java\jdk-25\bin\net.dll
0x00007ff8c88b0000 - 0x00007ff8c891b000 	C:\windows\system32\mswsock.dll
0x00007ff894170000 - 0x00007ff894186000 	C:\Program Files\Java\jdk-25\bin\nio.dll
0x00007ff894710000 - 0x00007ff894727000 	C:\Program Files\Java\jdk-25\bin\zip.dll
0x00007ff847830000 - 0x00007ff8479b4000 	C:\Program Files\Java\jdk-25\bin\awt.dll
0x00007ff8c6720000 - 0x00007ff8c67bf000 	C:\windows\SYSTEM32\apphelp.dll
0x00007ff8c69a0000 - 0x00007ff8c69cd000 	C:\windows\system32\DWMAPI.DLL
0x00007ff8c68f0000 - 0x00007ff8c699a000 	C:\windows\system32\uxtheme.dll
0x00007ff842b20000 - 0x00007ff842c2c000 	C:\windows\system32\opengl32.dll
0x00007ff842430000 - 0x00007ff84245d000 	C:\windows\SYSTEM32\GLU32.dll
0x00007ff8c6ad0000 - 0x00007ff8c6b14000 	C:\windows\SYSTEM32\dxcore.dll
0x00007ff8cbc70000 - 0x00007ff8cbdcb000 	C:\windows\System32\MSCTF.dll
0x00007ff869990000 - 0x00007ff86d784000 	C:\windows\System32\DriverStore\FileRepository\u0414965.inf_amd64_9cb9a2949df124e1\B414330\AMDXN64.DLL
0x00007ff8cbe50000 - 0x00007ff8cc2d8000 	C:\windows\System32\SETUPAPI.dll
0x00007ff8c62b0000 - 0x00007ff8c63eb000 	C:\windows\SYSTEM32\dxgi.dll
0x00007ff8c9460000 - 0x00007ff8c9486000 	C:\windows\SYSTEM32\BCrypt.dll
0x00007ff8ad6d0000 - 0x00007ff8ad70b000 	C:\windows\System32\DriverStore\FileRepository\u0414965.inf_amd64_9cb9a2949df124e1\B414330\amdihk64.dll
0x00007ff8477a0000 - 0x00007ff847827000 	C:\Program Files\Java\jdk-25\bin\freetype.dll
0x00007ff8476b0000 - 0x00007ff84779e000 	C:\Program Files\Java\jdk-25\bin\fontmanager.dll
0x00007ff8ca820000 - 0x00007ff8ca8d1000 	C:\windows\System32\clbcatq.dll
0x00007ff8c4b00000 - 0x00007ff8c4d30000 	C:\windows\SYSTEM32\WindowsCodecs.dll
0x00007ff8a8d90000 - 0x00007ff8a8dea000 	C:\windows\system32\dataexchange.dll
0x00007ff8ac6e0000 - 0x00007ff8ac925000 	C:\windows\system32\twinapi.appcore.dll
0x00007ff8aaa50000 - 0x00007ff8aab9a000 	C:\windows\SYSTEM32\textinputframework.dll
0x00007ff8c5d40000 - 0x00007ff8c5e65000 	C:\windows\SYSTEM32\CoreMessaging.dll
0x00007ff8b2850000 - 0x00007ff8b2b33000 	C:\windows\SYSTEM32\CoreUIComponents.dll
0x00007ff8c8b60000 - 0x00007ff8c8b6c000 	C:\windows\SYSTEM32\CRYPTBASE.DLL
0x00007ff8c7e00000 - 0x00007ff8c7f26000 	C:\windows\SYSTEM32\DNSAPI.dll
0x00007ff8c7dc0000 - 0x00007ff8c7df4000 	C:\windows\SYSTEM32\IPHLPAPI.DLL
0x00007ff8cba10000 - 0x00007ff8cba1a000 	C:\windows\System32\NSI.dll
0x00007ff8c2e00000 - 0x00007ff8c2e0b000 	C:\Windows\System32\rasadhlp.dll
0x00007ff8c33f0000 - 0x00007ff8c3476000 	C:\windows\System32\fwpuclnt.dll
0x00007ff8a9130000 - 0x00007ff8a9139000 	C:\Program Files\Java\jdk-25\bin\extnet.dll
0x00007ff8c8b70000 - 0x00007ff8c8b8b000 	C:\windows\SYSTEM32\CRYPTSP.dll
0x00007ff8c82a0000 - 0x00007ff8c82db000 	C:\windows\system32\rsaenh.dll
0x00007ff8c8950000 - 0x00007ff8c897b000 	C:\windows\SYSTEM32\USERENV.dll
0x00007ff8c1810000 - 0x00007ff8c181e000 	C:\Program Files\Java\jdk-25\bin\sunmscapi.dll
0x00007ff8c9570000 - 0x00007ff8c96e7000 	C:\windows\System32\CRYPT32.dll
0x00007ff8c8d80000 - 0x00007ff8c8db0000 	C:\windows\SYSTEM32\ncrypt.dll
0x00007ff8c8d30000 - 0x00007ff8c8d6f000 	C:\windows\SYSTEM32\NTASN1.dll
0x00007ff8a9bc0000 - 0x00007ff8a9bd0000 	C:\Program Files\Java\jdk-25\bin\verify.dll

JVMTI agents: none

dbghelp: loaded successfully - version: 4.0.5 - missing functions: none
symbol engine: initialized successfully - sym options: 0x614 - pdb path: .;C:\Program Files\Java\jdk-25\bin;C:\windows\SYSTEM32;C:\windows\WinSxS\amd64_microsoft.windows.common-controls_6595b64144ccf1df_6.0.26100.6899_none_3e0efeeae32e88c1;C:\Program Files\Java\jdk-25\bin\server;C:\windows\System32\DriverStore\FileRepository\u0414965.inf_amd64_9cb9a2949df124e1\B414330

VM Arguments:
java_command: com.mycompany.finalproyectpoo.FinalProyectPOO
java_class_path (initial): C:\Users\manue\OneDrive\Documentos\NetBeansProjects\FinalProyectPOO\target\classes;C:\Users\manue\.m2\repository\org\apache\tomcat\tomcat-servlet-api\11.0.13\tomcat-servlet-api-11.0.13.jar;C:\Users\manue\.m2\repository\com\mysql\mysql-connector-j\8.0.33\mysql-connector-j-8.0.33.jar;C:\Users\manue\.m2\repository\com\google\protobuf\protobuf-java\3.21.9\protobuf-java-3.21.9.jar;C:\Users\manue\.m2\repository\com\toedter\jcalendar\1.4\jcalendar-1.4.jar
Launcher Type: SUN_STANDARD

[Global flags]
     intx CICompilerCount                          = 4                                         {product} {ergonomic}
     uint ConcGCThreads                            = 3                                         {product} {ergonomic}
     uint G1ConcRefinementThreads                  = 10                                        {product} {ergonomic}
   size_t G1HeapRegionSize                         = 2097152                                   {product} {ergonomic}
   size_t InitialHeapSize                          = 257949696                                 {product} {ergonomic}
   size_t MarkStackSize                            = 4194304                                   {product} {ergonomic}
   size_t MarkStackSizeMax                         = 536870912                                 {product} {ergonomic}
   size_t MaxHeapSize                              = 4097835008                                {product} {ergonomic}
   size_t MaxNewSize                               = 2457862144                                {product} {ergonomic}
   size_t MinHeapDeltaBytes                        = 2097152                                   {product} {ergonomic}
   size_t MinHeapSize                              = 8388608                                   {product} {ergonomic}
    uintx NonNMethodCodeHeapSize                   = 5832704                                {pd product} {ergonomic}
    uintx NonProfiledCodeHeapSize                  = 122945536                              {pd product} {ergonomic}
    uintx ProfiledCodeHeapSize                     = 122880000                              {pd product} {ergonomic}
    uintx ReservedCodeCacheSize                    = 251658240                              {pd product} {ergonomic}
     bool SegmentedCodeCache                       = true                                      {product} {ergonomic}
   size_t SoftMaxHeapSize                          = 4097835008                             {manageable} {ergonomic}
     bool UseCompressedOops                        = true                           {product lp64_product} {ergonomic}
     bool UseG1GC                                  = true                                      {product} {ergonomic}
     bool UseLargePagesIndividualAllocation        = false                                  {pd product} {ergonomic}

Logging:
Log output configuration:
 #0: stdout all=warning uptime,level,tags foldmultilines=false
 #1: stderr all=off uptime,level,tags foldmultilines=false

Release file:
IMPLEMENTOR="Oracle Corporation" 
JAVA_RUNTIME_VERSION="25.0.1+8-LTS-27" 
JAVA_VERSION="25.0.1" 
JAVA_VERSION_DATE="2025-10-21" 
LIBC="default" 
MODULES="java.base java.compiler java.datatransfer java.xml java.prefs java.desktop java.instrument java.logging java.management java.security.sasl java.naming java.rmi java.management.rmi java.net.http java.scripting java.security.jgss java.transaction.xa java.sql java.sql.rowset java.xml.crypto java.se java.smartcardio jdk.accessibility jdk.internal.jvmstat jdk.attach jdk.charsets jdk.internal.opt jdk.zipfs jdk.compiler jdk.crypto.cryptoki jdk.crypto.ec jdk.crypto.mscapi jdk.dynalink jdk.internal.ed jdk.editpad jdk.internal.vm.ci jdk.graal.compiler jdk.graal.compiler.management jdk.hotspot.agent jdk.httpserver jdk.incubator.vector jdk.internal.le jdk.internal.md jdk.jartool jdk.javadoc jdk.jcmd jdk.management jdk.management.agent jdk.jconsole jdk.jdeps jdk.jdwp.agent jdk.jdi jdk.jfr jdk.jlink jdk.jpackage jdk.jshell jdk.jsobject jdk.jstatd jdk.localedata jdk.management.jfr jdk.naming.dns jdk.naming.rmi jdk.net jdk.nio.mapmode jdk.sctp jdk.security.auth jdk.security.jgss jdk.unsupported jdk.unsupported.desktop jdk.xml.dom" 
OS_ARCH="x86_64" 
OS_NAME="Windows" 
SOURCE=".:git:862c85bc42b7 open:git:78770bfaefd2" 

Environment Variables:
JAVA_HOME=C:\Program Files\Java\jdk-25
PATH=C:\Program Files\Common Files\Oracle\Java\javapath;C:\windows\system32;C:\windows;C:\windows\System32\Wbem;C:\windows\System32\WindowsPowerShell\v1.0\;C:\windows\System32\OpenSSH\;C:\Program Files (x86)\NVIDIA Corporation\PhysX\Common;C:\Program Files\NVIDIA Corporation\NVIDIA App\NvDLISR;C:\Users\Administrator\AppData\Local\Microsoft\WindowsApps;C:\Program Files\HP\OMEN-Broadcast\Common;C:\Program Files\HP\HP One Agent;C:\Program Files\Git\cmd;C:\Users\manue\AppData\Local\Microsoft\WindowsApps;C:\Users\manue\AppData\Local\Programs\Microsoft VS Code\bin;C:\AppServ\Apache24\bin;C:\AppServ\php7;C:\AppServ\MySQL\bin
USERNAME=manue
OS=Windows_NT
PROCESSOR_IDENTIFIER=AMD64 Family 25 Model 124 Stepping 0, AuthenticAMD
TMP=C:\Users\manue\AppData\Local\Temp
TEMP=C:\Users\manue\AppData\Local\Temp




Compilation memory statistics disabled.

Periodic native trim disabled

---------------  S Y S T E M  ---------------

OS:
 Windows 11 , 64 bit Build 26100 (10.0.26100.6725)
OS uptime: 4 days 8:55 hours
Hyper-V role detected

CPU: total 12 (initial active 12) (12 cores per cpu, 2 threads per core) family 25 model 124 stepping 0 microcode 0xa70c00a, cx8, cmov, fxsr, ht, mmx, 3dnowpref, sse, sse2, sse3, ssse3, sse4a, sse4.1, sse4.2, popcnt, lzcnt, tsc, tscinvbit, avx, avx2, aes, erms, clmul, bmi1, bmi2, adx, avx512f, avx512dq, avx512cd, avx512bw, avx512vl, sha, fma, vzeroupper, avx512_vpopcntdq, avx512_vpclmulqdq, avx512_vaes, avx512_vnni, clflush, clflushopt, clwb, avx512_vbmi2, avx512_vbmi, hv, rdtscp, rdpid, fsrm, gfni, avx512_bitalg, f16c, cet_ss, avx512_ifma
Processor Information for processor 0
  Max Mhz: 3201, Current Mhz: 3201, Mhz Limit: 3201
Processor Information for processor 1
  Max Mhz: 3201, Current Mhz: 2570, Mhz Limit: 3201
Processor Information for processor 2
  Max Mhz: 3201, Current Mhz: 2570, Mhz Limit: 3201
Processor Information for processor 3
  Max Mhz: 3201, Current Mhz: 2570, Mhz Limit: 3201
Processor Information for processor 4
  Max Mhz: 3201, Current Mhz: 2570, Mhz Limit: 3201
Processor Information for processor 5
  Max Mhz: 3201, Current Mhz: 2570, Mhz Limit: 3201
Processor Information for processor 6
  Max Mhz: 3201, Current Mhz: 3201, Mhz Limit: 3201
Processor Information for processor 7
  Max Mhz: 3201, Current Mhz: 2570, Mhz Limit: 3201
Processor Information for processor 8
  Max Mhz: 3201, Current Mhz: 3201, Mhz Limit: 3201
Processor Information for processor 9
  Max Mhz: 3201, Current Mhz: 2570, Mhz Limit: 3201
Processor Information for processor 10
  Max Mhz: 3201, Current Mhz: 2570, Mhz Limit: 3201
Processor Information for processor 11
  Max Mhz: 3201, Current Mhz: 2570, Mhz Limit: 3201

Memory: 4k page, system-wide physical 15631M (7108M free)
TotalPageFile size 19608M (AvailPageFile size 4759M)
current process WorkingSet (physical memory assigned to process): 54M, peak: 222M
current process commit charge ("private bytes"): 228M, peak: 489M

vm_info: Java HotSpot(TM) 64-Bit Server VM (25.0.1+8-LTS-27) for windows-amd64 JRE (25.0.1+8-LTS-27), built on 2025-09-25T16:41:16Z with unknown MS VC++:1943

END.
